Feb 18, 2025 12:20:58 PM com.Z_tasks.threads.task.threadLocal.ThreadLocalDemo startProcess
INFO: Thread-1 processing in Class - ThreadLocalDemo
Feb 18, 2025 12:20:58 PM com.Z_tasks.threads.task.threadLocal.IntermediateClassOne startProcess
INFO: Thread-1 processing in Class - IntermediateClassOne
Feb 18, 2025 12:20:58 PM com.Z_tasks.threads.task.threadLocal.IntermediateClassTwo startProcess
INFO: Thread-1 processing in Class - IntermediateClassTwo
Feb 18, 2025 12:20:58 PM com.Z_tasks.threads.task.threadLocal.FinalClass startProcess
INFO: Thread-1 processing in Class - FinalClass
Feb 18, 2025 12:20:58 PM com.Z_tasks.threads.task.threadLocal.FinalClass startProcess
INFO: Thread-1----->ThreadLocal value -------> belcy@gmail.com
Feb 18, 2025 12:21:06 PM com.Z_tasks.threads.task.threadLocal.ThreadLocalDemo startProcess
INFO: Thread-2 processing in Class - ThreadLocalDemo
Feb 18, 2025 12:21:06 PM com.Z_tasks.threads.task.threadLocal.IntermediateClassOne startProcess
INFO: Thread-2 processing in Class - IntermediateClassOne
Feb 18, 2025 12:21:06 PM com.Z_tasks.threads.task.threadLocal.IntermediateClassTwo startProcess
INFO: Thread-2 processing in Class - IntermediateClassTwo
Feb 18, 2025 12:21:06 PM com.Z_tasks.threads.task.threadLocal.FinalClass startProcess
INFO: Thread-2 processing in Class - FinalClass
Feb 18, 2025 12:21:06 PM com.Z_tasks.threads.task.threadLocal.FinalClass startProcess
INFO: Thread-2----->ThreadLocal value -------> saravana@zohocorp.com
