Feb 15, 2025 12:17:12 PM com.Z_tasks.threads.task.threadLocal.ThreadLocalDemo startProcess
INFO: Thread-1 processing in Class - ThreadLocalDemo
Feb 15, 2025 12:17:12 PM com.Z_tasks.threads.task.threadLocal.ThreadLocalDemo startProcess
INFO: Thread-2 processing in Class - ThreadLocalDemo
Feb 15, 2025 12:17:12 PM com.Z_tasks.threads.task.threadLocal.IntermediateClassOne startProcess
INFO: Thread-1 processing in Class - IntermediateClassOne
Feb 15, 2025 12:17:12 PM com.Z_tasks.threads.task.threadLocal.IntermediateClassOne startProcess
INFO: Thread-2 processing in Class - IntermediateClassOne
Feb 15, 2025 12:17:12 PM com.Z_tasks.threads.task.threadLocal.IntermediateClassTwo startProcess
INFO: Thread-1 processing in Class - IntermediateClassTwo
Feb 15, 2025 12:17:12 PM com.Z_tasks.threads.task.threadLocal.IntermediateClassTwo startProcess
INFO: Thread-2 processing in Class - IntermediateClassTwo
Feb 15, 2025 12:17:12 PM com.Z_tasks.threads.task.threadLocal.FinalClass startProcess
INFO: Thread-1 processing in Class - FinalClass
Feb 15, 2025 12:17:12 PM com.Z_tasks.threads.task.threadLocal.FinalClass startProcess
INFO: Thread-2 processing in Class - FinalClass
Feb 15, 2025 12:17:12 PM com.Z_tasks.threads.task.threadLocal.FinalClass startProcess
INFO: Thread-1----->ThreadLocal value -------> I am Thread-1
Feb 15, 2025 12:17:12 PM com.Z_tasks.threads.task.threadLocal.FinalClass startProcess
INFO: Thread-2----->ThreadLocal value -------> I am Thread-2
