Mar 13, 2025 10:36:49 AM com.ztasks.jdbc.runner.JdbcRunner printNomineeDetailsForFirstNEmployees
INFO: [
    {
        "employeeName": "Anjali Sharma",
        "nomineeAge": 35,
        "nomineeId": 3,
        "employeeId": 2,
        "nomineeName": "Amit Sharma",
        "relationship": "Brother"
    },
    {
        "employeeName": "Anjali Sharma",
        "nomineeAge": 22,
        "nomineeId": 8,
        "employeeId": 2,
        "nomineeName": "prabha",
        "relationship": "hai"
    },
    {
        "employeeName": "Ravi Kumar",
        "nomineeAge": 60,
        "nomineeId": 1,
        "employeeId": 1,
        "nomineeName": "Ramesh Kumar",
        "relationship": "Father"
    },
    {
        "employeeName": "Ravi Kumar",
        "nomineeAge": 55,
        "nomineeId": 2,
        "employeeId": 1,
        "nomineeName": "Seema Kumar",
        "relationship": "Mother"
    }
]
Mar 13, 2025 2:52:48 PM com.ztasks.jdbc.runner.JdbcRunner logEmployees
INFO: No records found
